Flow report for rgb_fpga
Sun Jan 25 13:38:56 2026
Quartus II 64-Bit Version 13.1.0 Build 162 10/23/2013 SJ Full Version


---------------------
; Table of Contents ;
---------------------
  1. Legal Notice
  2. Flow Summary
  3. Flow Settings
  4. Flow Non-Default Global Settings
  5. Flow Elapsed Time
  6. Flow OS Summary
  7. Flow Log
  8. Flow Messages
  9. Flow Suppressed Messages



----------------
; Legal Notice ;
----------------
Copyright (C) 1991-2013 Altera Corporation
Your use of Altera Corporation's design tools, logic functions 
and other software and tools, and its AMPP partner logic 
functions, and any output files from any of the foregoing 
(including device programming or simulation files), and any 
associated documentation or information are expressly subject 
to the terms and conditions of the Altera Program License 
Subscription Agreement, Altera MegaCore Function License 
Agreement, or other applicable license agreement, including, 
without limitation, that your use is for the sole purpose of 
programming logic devices manufactured by Altera and sold by 
Altera or its authorized distributors.  Please refer to the 
applicable agreement for further details.



+----------------------------------------------------------------------------------+
; Flow Summary                                                                     ;
+------------------------------------+---------------------------------------------+
; Flow Status                        ; Successful - Sun Jan 25 13:38:53 2026       ;
; Quartus II 64-Bit Version          ; 13.1.0 Build 162 10/23/2013 SJ Full Version ;
; Revision Name                      ; rgb_fpga                                    ;
; Top-level Entity Name              ; rgb_fpga                                    ;
; Family                             ; Cyclone IV E                                ;
; Device                             ; EP4CE10F17C8                                ;
; Timing Models                      ; Final                                       ;
; Total logic elements               ; 694 / 10,320 ( 7 % )                        ;
;     Total combinational functions  ; 675 / 10,320 ( 7 % )                        ;
;     Dedicated logic registers      ; 78 / 10,320 ( < 1 % )                       ;
; Total registers                    ; 78                                          ;
; Total pins                         ; 33 / 180 ( 18 % )                           ;
; Total virtual pins                 ; 0                                           ;
; Total memory bits                  ; 0 / 423,936 ( 0 % )                         ;
; Embedded Multiplier 9-bit elements ; 0 / 46 ( 0 % )                              ;
; Total PLLs                         ; 1 / 2 ( 50 % )                              ;
+------------------------------------+---------------------------------------------+


+-----------------------------------------+
; Flow Settings                           ;
+-------------------+---------------------+
; Option            ; Setting             ;
+-------------------+---------------------+
; Start date & time ; 09/06/2025 18:44:42 ;
; Main task         ; Compilation         ;
; Revision Name     ; rgb_fpga            ;
+-------------------+---------------------+


+------------------------------------------------------------------------------------------------------------------------+
; Flow Non-Default Global Settings                                                                                       ;
+-------------------------------------+---------------------------------------+---------------+-------------+------------+
; Assignment Name                     ; Value                                 ; Default Value ; Entity Name ; Section Id ;
+-------------------------------------+---------------------------------------+---------------+-------------+------------+
; COMPILER_SIGNATURE_ID               ; 4930991615856.175715548251596         ; --            ; --          ; --         ;
; ENABLE_SIGNALTAP                    ; Off                                   ; --            ; --          ; --         ;
; IP_TOOL_NAME                        ; ALTPLL                                ; --            ; --          ; --         ;
; IP_TOOL_VERSION                     ; 13.1                                  ; --            ; --          ; --         ;
; MAX_CORE_JUNCTION_TEMP              ; 85                                    ; --            ; --          ; --         ;
; MIN_CORE_JUNCTION_TEMP              ; 0                                     ; --            ; --          ; --         ;
; MISC_FILE                           ; pll/pll_inst.v                        ; --            ; --          ; --         ;
; MISC_FILE                           ; pll/pll_bb.v                          ; --            ; --          ; --         ;
; MISC_FILE                           ; pll/pll.ppf                           ; --            ; --          ; --         ;
; NOMINAL_CORE_SUPPLY_VOLTAGE         ; 1.2V                                  ; --            ; --          ; --         ;
; PARTITION_COLOR                     ; 16764057                              ; --            ; --          ; Top        ;
; PARTITION_FITTER_PRESERVATION_LEVEL ; PLACEMENT_AND_ROUTING                 ; --            ; --          ; Top        ;
; PARTITION_NETLIST_TYPE              ; POST_FIT                              ; --            ; --          ; Top        ;
; POWER_BOARD_THERMAL_MODEL           ; None (CONSERVATIVE)                   ; --            ; --          ; --         ;
; POWER_PRESET_COOLING_SOLUTION       ; 23 MM HEAT SINK WITH 200 LFPM AIRFLOW ; --            ; --          ; --         ;
; PROJECT_OUTPUT_DIRECTORY            ; output_files                          ; --            ; --          ; --         ;
; USE_SIGNALTAP_FILE                  ; stp1.stp                              ; --            ; --          ; --         ;
+-------------------------------------+---------------------------------------+---------------+-------------+------------+


+-------------------------------------------------------------------------------------------------------------------------------+
; Flow Elapsed Time                                                                                                             ;
+---------------------------+--------------+-------------------------+---------------------+------------------------------------+
; Module Name               ; Elapsed Time ; Average Processors Used ; Peak Virtual Memory ; Total CPU Time (on all processors) ;
+---------------------------+--------------+-------------------------+---------------------+------------------------------------+
; Analysis & Synthesis      ; 00:00:03     ; 1.0                     ; 4687 MB             ; 00:00:02                           ;
; Partition Merge           ; 00:00:01     ; 1.0                     ; 4664 MB             ; 00:00:01                           ;
; Fitter                    ; 00:00:06     ; 1.0                     ; 6178 MB             ; 00:00:08                           ;
; Assembler                 ; 00:00:02     ; 1.0                     ; 4591 MB             ; 00:00:01                           ;
; TimeQuest Timing Analyzer ; 00:00:02     ; 1.0                     ; 4824 MB             ; 00:00:02                           ;
; Analysis & Synthesis      ; 00:00:01     ; 1.0                     ; 4628 MB             ; 00:00:01                           ;
; Partition Merge           ; 00:00:01     ; 1.0                     ; 4670 MB             ; 00:00:01                           ;
; Fitter                    ; 00:00:02     ; 1.0                     ; 4892 MB             ; 00:00:01                           ;
; Analysis & Synthesis      ; 00:00:01     ; 1.0                     ; 4620 MB             ; 00:00:01                           ;
; Partition Merge           ; 00:00:01     ; 1.0                     ; 4658 MB             ; 00:00:01                           ;
; Fitter                    ; 00:00:01     ; 1.0                     ; 4892 MB             ; 00:00:01                           ;
; Fitter                    ; 00:00:02     ; 1.0                     ; 4897 MB             ; 00:00:01                           ;
; Analysis & Synthesis      ; 00:00:01     ; 1.0                     ; 4620 MB             ; 00:00:01                           ;
; Partition Merge           ; 00:00:01     ; 1.0                     ; 4663 MB             ; 00:00:01                           ;
; Fitter                    ; 00:00:01     ; 1.0                     ; 4892 MB             ; 00:00:01                           ;
; Analysis & Synthesis      ; 00:00:01     ; 1.0                     ; 4620 MB             ; 00:00:01                           ;
; Partition Merge           ; 00:00:00     ; 1.0                     ; 4659 MB             ; 00:00:01                           ;
; Fitter                    ; 00:00:01     ; 1.0                     ; 4892 MB             ; 00:00:01                           ;
; Analysis & Synthesis      ; 00:00:01     ; 1.0                     ; 4620 MB             ; 00:00:01                           ;
; Partition Merge           ; 00:00:01     ; 1.0                     ; 4662 MB             ; 00:00:01                           ;
; Fitter                    ; 00:00:02     ; 1.0                     ; 4892 MB             ; 00:00:01                           ;
; Analysis & Synthesis      ; 00:00:01     ; 1.0                     ; 4620 MB             ; 00:00:01                           ;
; Partition Merge           ; 00:00:00     ; 1.0                     ; 4670 MB             ; 00:00:01                           ;
; Fitter                    ; 00:00:01     ; 1.0                     ; 4892 MB             ; 00:00:02                           ;
; Analysis & Synthesis      ; 00:00:02     ; 1.0                     ; 4704 MB             ; 00:00:02                           ;
; Partition Merge           ; 00:00:01     ; 1.0                     ; 4663 MB             ; 00:00:01                           ;
; Fitter                    ; 00:00:05     ; 4.6                     ; 6185 MB             ; 00:00:09                           ;
; Assembler                 ; 00:00:01     ; 1.0                     ; 4602 MB             ; 00:00:01                           ;
; TimeQuest Timing Analyzer ; 00:00:02     ; 2.0                     ; 4860 MB             ; 00:00:02                           ;
; Analysis & Synthesis      ; 00:00:02     ; 1.0                     ; 4691 MB             ; 00:00:02                           ;
; Partition Merge           ; 00:00:01     ; 1.0                     ; 4662 MB             ; 00:00:01                           ;
; Fitter                    ; 00:00:06     ; 4.0                     ; 6153 MB             ; 00:00:08                           ;
; Assembler                 ; 00:00:01     ; 1.0                     ; 4601 MB             ; 00:00:01                           ;
; TimeQuest Timing Analyzer ; 00:00:02     ; 1.0                     ; 4824 MB             ; 00:00:02                           ;
; Analysis & Synthesis      ; 00:00:03     ; 1.0                     ; 4695 MB             ; 00:00:02                           ;
; Analysis & Synthesis      ; 00:00:01     ; 1.0                     ; 4616 MB             ; 00:00:01                           ;
; Partition Merge           ; 00:00:01     ; 1.0                     ; 4662 MB             ; 00:00:01                           ;
; Fitter                    ; 00:00:06     ; 2.4                     ; 6157 MB             ; 00:00:09                           ;
; Assembler                 ; 00:00:01     ; 1.0                     ; 4601 MB             ; 00:00:01                           ;
; TimeQuest Timing Analyzer ; 00:00:02     ; 1.0                     ; 4831 MB             ; 00:00:02                           ;
; Analysis & Synthesis      ; 00:00:02     ; 1.0                     ; 4695 MB             ; 00:00:02                           ;
; Partition Merge           ; 00:00:01     ; 1.0                     ; 4662 MB             ; 00:00:01                           ;
; Fitter                    ; 00:00:06     ; 4.0                     ; 6157 MB             ; 00:00:08                           ;
; Assembler                 ; 00:00:01     ; 1.0                     ; 4601 MB             ; 00:00:01                           ;
; TimeQuest Timing Analyzer ; 00:00:02     ; 16.0                    ; 4823 MB             ; 00:00:02                           ;
; Analysis & Synthesis      ; 00:00:02     ; 1.0                     ; 4695 MB             ; 00:00:02                           ;
; Partition Merge           ; 00:00:01     ; 1.0                     ; 4663 MB             ; 00:00:01                           ;
; Fitter                    ; 00:00:06     ; 1.0                     ; 6166 MB             ; 00:00:09                           ;
; Assembler                 ; 00:00:01     ; 1.0                     ; 4601 MB             ; 00:00:01                           ;
; TimeQuest Timing Analyzer ; 00:00:02     ; 1.0                     ; 4831 MB             ; 00:00:02                           ;
; Analysis & Synthesis      ; 00:00:02     ; 1.0                     ; 4695 MB             ; 00:00:02                           ;
; Partition Merge           ; 00:00:01     ; 1.0                     ; 4662 MB             ; 00:00:01                           ;
; Fitter                    ; 00:00:05     ; 6.8                     ; 6169 MB             ; 00:00:08                           ;
; Assembler                 ; 00:00:01     ; 1.0                     ; 4601 MB             ; 00:00:01                           ;
; TimeQuest Timing Analyzer ; 00:00:02     ; 1.0                     ; 4844 MB             ; 00:00:02                           ;
; Analysis & Synthesis      ; 00:00:00     ; 1.0                     ; 4620 MB             ; 00:00:01                           ;
; Partition Merge           ; 00:00:00     ; 1.0                     ; 4662 MB             ; 00:00:01                           ;
; Fitter                    ; 00:00:03     ; 1.0                     ; 6004 MB             ; 00:00:04                           ;
; Assembler                 ; 00:00:01     ; 1.0                     ; 4601 MB             ; 00:00:01                           ;
; TimeQuest Timing Analyzer ; 00:00:02     ; 1.0                     ; 4842 MB             ; 00:00:02                           ;
; Analysis & Synthesis      ; 00:00:02     ; 1.0                     ; 4691 MB             ; 00:00:02                           ;
; Partition Merge           ; 00:00:01     ; 1.0                     ; 4663 MB             ; 00:00:01                           ;
; Fitter                    ; 00:00:05     ; 4.0                     ; 6168 MB             ; 00:00:09                           ;
; Assembler                 ; 00:00:01     ; 1.0                     ; 4601 MB             ; 00:00:01                           ;
; TimeQuest Timing Analyzer ; 00:00:02     ; 1.0                     ; 4832 MB             ; 00:00:02                           ;
; Analysis & Synthesis      ; 00:00:02     ; 1.0                     ; 4691 MB             ; 00:00:02                           ;
; Analysis & Synthesis      ; 00:00:02     ; 1.0                     ; 4699 MB             ; 00:00:02                           ;
; Analysis & Synthesis      ; 00:00:01     ; 1.0                     ; 4616 MB             ; 00:00:01                           ;
; Partition Merge           ; 00:00:01     ; 1.0                     ; 4662 MB             ; 00:00:01                           ;
; Fitter                    ; 00:00:05     ; 4.6                     ; 6177 MB             ; 00:00:09                           ;
; Assembler                 ; 00:00:01     ; 1.0                     ; 4601 MB             ; 00:00:01                           ;
; TimeQuest Timing Analyzer ; 00:00:02     ; 1.0                     ; 4838 MB             ; 00:00:02                           ;
; Analysis & Synthesis      ; 00:00:02     ; 1.0                     ; 4691 MB             ; 00:00:02                           ;
; Partition Merge           ; 00:00:00     ; 1.0                     ; 4663 MB             ; 00:00:01                           ;
; Fitter                    ; 00:00:05     ; 4.0                     ; 6153 MB             ; 00:00:09                           ;
; Assembler                 ; 00:00:00     ; 1.0                     ; 4601 MB             ; 00:00:01                           ;
; TimeQuest Timing Analyzer ; 00:00:02     ; 1.0                     ; 4841 MB             ; 00:00:02                           ;
; Analysis & Synthesis      ; 00:00:03     ; 1.0                     ; 4691 MB             ; 00:00:02                           ;
; Partition Merge           ; 00:00:01     ; 1.0                     ; 4662 MB             ; 00:00:01                           ;
; Fitter                    ; 00:00:07     ; 4.6                     ; 6167 MB             ; 00:00:09                           ;
; Assembler                 ; 00:00:01     ; 1.0                     ; 4601 MB             ; 00:00:01                           ;
; TimeQuest Timing Analyzer ; 00:00:02     ; 1.0                     ; 4830 MB             ; 00:00:02                           ;
; Analysis & Synthesis      ; 00:00:03     ; 1.0                     ; 4696 MB             ; 00:00:02                           ;
; Partition Merge           ; 00:00:01     ; 1.0                     ; 4664 MB             ; 00:00:01                           ;
; Fitter                    ; 00:00:07     ; 6.0                     ; 6155 MB             ; 00:00:09                           ;
; Assembler                 ; 00:00:01     ; 1.0                     ; 4602 MB             ; 00:00:01                           ;
; TimeQuest Timing Analyzer ; 00:00:02     ; 1.0                     ; 4825 MB             ; 00:00:02                           ;
; Analysis & Synthesis      ; 00:00:02     ; 1.0                     ; 4695 MB             ; 00:00:02                           ;
; Partition Merge           ; 00:00:01     ; 1.0                     ; 4662 MB             ; 00:00:01                           ;
; Fitter                    ; 00:00:05     ; 4.6                     ; 6175 MB             ; 00:00:09                           ;
; Assembler                 ; 00:00:01     ; 1.0                     ; 4601 MB             ; 00:00:01                           ;
; TimeQuest Timing Analyzer ; 00:00:02     ; 2.0                     ; 4824 MB             ; 00:00:02                           ;
; Analysis & Synthesis      ; 00:00:02     ; 1.0                     ; 4695 MB             ; 00:00:02                           ;
; Partition Merge           ; 00:00:01     ; 1.0                     ; 4662 MB             ; 00:00:01                           ;
; Fitter                    ; 00:00:06     ; 1.0                     ; 6153 MB             ; 00:00:09                           ;
; Assembler                 ; 00:00:01     ; 1.0                     ; 4601 MB             ; 00:00:01                           ;
; TimeQuest Timing Analyzer ; 00:00:02     ; 1.0                     ; 4824 MB             ; 00:00:02                           ;
; Analysis & Synthesis      ; 00:00:03     ; 1.0                     ; 4695 MB             ; 00:00:02                           ;
; Partition Merge           ; 00:00:01     ; 1.0                     ; 4662 MB             ; 00:00:01                           ;
; Fitter                    ; 00:00:06     ; 1.0                     ; 6172 MB             ; 00:00:09                           ;
; Assembler                 ; 00:00:01     ; 1.0                     ; 4601 MB             ; 00:00:01                           ;
; TimeQuest Timing Analyzer ; 00:00:02     ; 1.0                     ; 4854 MB             ; 00:00:02                           ;
; Analysis & Synthesis      ; 00:00:02     ; 1.0                     ; 4695 MB             ; 00:00:02                           ;
; Partition Merge           ; 00:00:01     ; 1.0                     ; 4663 MB             ; 00:00:01                           ;
; Fitter                    ; 00:00:05     ; 7.6                     ; 6163 MB             ; 00:00:09                           ;
; Assembler                 ; 00:00:01     ; 1.0                     ; 4601 MB             ; 00:00:01                           ;
; TimeQuest Timing Analyzer ; 00:00:02     ; 1.0                     ; 4831 MB             ; 00:00:02                           ;
; Analysis & Synthesis      ; 00:00:02     ; 1.0                     ; 4695 MB             ; 00:00:02                           ;
; Partition Merge           ; 00:00:01     ; 1.0                     ; 4663 MB             ; 00:00:01                           ;
; Fitter                    ; 00:00:05     ; 4.0                     ; 6180 MB             ; 00:00:08                           ;
; Assembler                 ; 00:00:01     ; 1.0                     ; 4601 MB             ; 00:00:01                           ;
; TimeQuest Timing Analyzer ; 00:00:02     ; 1.0                     ; 4827 MB             ; 00:00:02                           ;
; Total                     ; 00:03:52     ; --                      ; --                  ; 00:04:43                           ;
+---------------------------+--------------+-------------------------+---------------------+------------------------------------+


+----------------------------------------------------------------------------------------+
; Flow OS Summary                                                                        ;
+---------------------------+------------------+-----------+------------+----------------+
; Module Name               ; Machine Hostname ; OS Name   ; OS Version ; Processor type ;
+---------------------------+------------------+-----------+------------+----------------+
; Analysis & Synthesis      ; Zhaorui-i9       ; Windows 7 ; 6.2        ; x86_64         ;
; Partition Merge           ; Zhaorui-i9       ; Windows 7 ; 6.2        ; x86_64         ;
; Fitter                    ; Zhaorui-i9       ; Windows 7 ; 6.2        ; x86_64         ;
; Assembler                 ; Zhaorui-i9       ; Windows 7 ; 6.2        ; x86_64         ;
; TimeQuest Timing Analyzer ; Zhaorui-i9       ; Windows 7 ; 6.2        ; x86_64         ;
; Analysis & Synthesis      ; Zhaorui-i9       ; Windows 7 ; 6.2        ; x86_64         ;
; Partition Merge           ; Zhaorui-i9       ; Windows 7 ; 6.2        ; x86_64         ;
; Fitter                    ; Zhaorui-i9       ; Windows 7 ; 6.2        ; x86_64         ;
; Analysis & Synthesis      ; Zhaorui-i9       ; Windows 7 ; 6.2        ; x86_64         ;
; Partition Merge           ; Zhaorui-i9       ; Windows 7 ; 6.2        ; x86_64         ;
; Fitter                    ; Zhaorui-i9       ; Windows 7 ; 6.2        ; x86_64         ;
; Fitter                    ; Zhaorui-i9       ; Windows 7 ; 6.2        ; x86_64         ;
; Analysis & Synthesis      ; Zhaorui-i9       ; Windows 7 ; 6.2        ; x86_64         ;
; Partition Merge           ; Zhaorui-i9       ; Windows 7 ; 6.2        ; x86_64         ;
; Fitter                    ; Zhaorui-i9       ; Windows 7 ; 6.2        ; x86_64         ;
; Analysis & Synthesis      ; Zhaorui-i9       ; Windows 7 ; 6.2        ; x86_64         ;
; Partition Merge           ; Zhaorui-i9       ; Windows 7 ; 6.2        ; x86_64         ;
; Fitter                    ; Zhaorui-i9       ; Windows 7 ; 6.2        ; x86_64         ;
; Analysis & Synthesis      ; Zhaorui-i9       ; Windows 7 ; 6.2        ; x86_64         ;
; Partition Merge           ; Zhaorui-i9       ; Windows 7 ; 6.2        ; x86_64         ;
; Fitter                    ; Zhaorui-i9       ; Windows 7 ; 6.2        ; x86_64         ;
; Analysis & Synthesis      ; Zhaorui-i9       ; Windows 7 ; 6.2        ; x86_64         ;
; Partition Merge           ; Zhaorui-i9       ; Windows 7 ; 6.2        ; x86_64         ;
; Fitter                    ; Zhaorui-i9       ; Windows 7 ; 6.2        ; x86_64         ;
; Analysis & Synthesis      ; Zhaorui-i9       ; Windows 7 ; 6.2        ; x86_64         ;
; Partition Merge           ; Zhaorui-i9       ; Windows 7 ; 6.2        ; x86_64         ;
; Fitter                    ; Zhaorui-i9       ; Windows 7 ; 6.2        ; x86_64         ;
; Assembler                 ; Zhaorui-i9       ; Windows 7 ; 6.2        ; x86_64         ;
; TimeQuest Timing Analyzer ; Zhaorui-i9       ; Windows 7 ; 6.2        ; x86_64         ;
; Analysis & Synthesis      ; Zhaorui-i9       ; Windows 7 ; 6.2        ; x86_64         ;
; Partition Merge           ; Zhaorui-i9       ; Windows 7 ; 6.2        ; x86_64         ;
; Fitter                    ; Zhaorui-i9       ; Windows 7 ; 6.2        ; x86_64         ;
; Assembler                 ; Zhaorui-i9       ; Windows 7 ; 6.2        ; x86_64         ;
; TimeQuest Timing Analyzer ; Zhaorui-i9       ; Windows 7 ; 6.2        ; x86_64         ;
; Analysis & Synthesis      ; Zhaorui-i9       ; Windows 7 ; 6.2        ; x86_64         ;
; Analysis & Synthesis      ; Zhaorui-i9       ; Windows 7 ; 6.2        ; x86_64         ;
; Partition Merge           ; Zhaorui-i9       ; Windows 7 ; 6.2        ; x86_64         ;
; Fitter                    ; Zhaorui-i9       ; Windows 7 ; 6.2        ; x86_64         ;
; Assembler                 ; Zhaorui-i9       ; Windows 7 ; 6.2        ; x86_64         ;
; TimeQuest Timing Analyzer ; Zhaorui-i9       ; Windows 7 ; 6.2        ; x86_64         ;
; Analysis & Synthesis      ; Zhaorui-i9       ; Windows 7 ; 6.2        ; x86_64         ;
; Partition Merge           ; Zhaorui-i9       ; Windows 7 ; 6.2        ; x86_64         ;
; Fitter                    ; Zhaorui-i9       ; Windows 7 ; 6.2        ; x86_64         ;
; Assembler                 ; Zhaorui-i9       ; Windows 7 ; 6.2        ; x86_64         ;
; TimeQuest Timing Analyzer ; Zhaorui-i9       ; Windows 7 ; 6.2        ; x86_64         ;
; Analysis & Synthesis      ; Zhaorui-i9       ; Windows 7 ; 6.2        ; x86_64         ;
; Partition Merge           ; Zhaorui-i9       ; Windows 7 ; 6.2        ; x86_64         ;
; Fitter                    ; Zhaorui-i9       ; Windows 7 ; 6.2        ; x86_64         ;
; Assembler                 ; Zhaorui-i9       ; Windows 7 ; 6.2        ; x86_64         ;
; TimeQuest Timing Analyzer ; Zhaorui-i9       ; Windows 7 ; 6.2        ; x86_64         ;
; Analysis & Synthesis      ; Zhaorui-i9       ; Windows 7 ; 6.2        ; x86_64         ;
; Partition Merge           ; Zhaorui-i9       ; Windows 7 ; 6.2        ; x86_64         ;
; Fitter                    ; Zhaorui-i9       ; Windows 7 ; 6.2        ; x86_64         ;
; Assembler                 ; Zhaorui-i9       ; Windows 7 ; 6.2        ; x86_64         ;
; TimeQuest Timing Analyzer ; Zhaorui-i9       ; Windows 7 ; 6.2        ; x86_64         ;
; Analysis & Synthesis      ; Zhaorui-i9       ; Windows 7 ; 6.2        ; x86_64         ;
; Partition Merge           ; Zhaorui-i9       ; Windows 7 ; 6.2        ; x86_64         ;
; Fitter                    ; Zhaorui-i9       ; Windows 7 ; 6.2        ; x86_64         ;
; Assembler                 ; Zhaorui-i9       ; Windows 7 ; 6.2        ; x86_64         ;
; TimeQuest Timing Analyzer ; Zhaorui-i9       ; Windows 7 ; 6.2        ; x86_64         ;
; Analysis & Synthesis      ; Zhaorui-i9       ; Windows 7 ; 6.2        ; x86_64         ;
; Partition Merge           ; Zhaorui-i9       ; Windows 7 ; 6.2        ; x86_64         ;
; Fitter                    ; Zhaorui-i9       ; Windows 7 ; 6.2        ; x86_64         ;
; Assembler                 ; Zhaorui-i9       ; Windows 7 ; 6.2        ; x86_64         ;
; TimeQuest Timing Analyzer ; Zhaorui-i9       ; Windows 7 ; 6.2        ; x86_64         ;
; Analysis & Synthesis      ; Zhaorui-i9       ; Windows 7 ; 6.2        ; x86_64         ;
; Analysis & Synthesis      ; Zhaorui-i9       ; Windows 7 ; 6.2        ; x86_64         ;
; Analysis & Synthesis      ; Zhaorui-i9       ; Windows 7 ; 6.2        ; x86_64         ;
; Partition Merge           ; Zhaorui-i9       ; Windows 7 ; 6.2        ; x86_64         ;
; Fitter                    ; Zhaorui-i9       ; Windows 7 ; 6.2        ; x86_64         ;
; Assembler                 ; Zhaorui-i9       ; Windows 7 ; 6.2        ; x86_64         ;
; TimeQuest Timing Analyzer ; Zhaorui-i9       ; Windows 7 ; 6.2        ; x86_64         ;
; Analysis & Synthesis      ; Zhaorui-i9       ; Windows 7 ; 6.2        ; x86_64         ;
; Partition Merge           ; Zhaorui-i9       ; Windows 7 ; 6.2        ; x86_64         ;
; Fitter                    ; Zhaorui-i9       ; Windows 7 ; 6.2        ; x86_64         ;
; Assembler                 ; Zhaorui-i9       ; Windows 7 ; 6.2        ; x86_64         ;
; TimeQuest Timing Analyzer ; Zhaorui-i9       ; Windows 7 ; 6.2        ; x86_64         ;
; Analysis & Synthesis      ; Zhaorui-i9       ; Windows 7 ; 6.2        ; x86_64         ;
; Partition Merge           ; Zhaorui-i9       ; Windows 7 ; 6.2        ; x86_64         ;
; Fitter                    ; Zhaorui-i9       ; Windows 7 ; 6.2        ; x86_64         ;
; Assembler                 ; Zhaorui-i9       ; Windows 7 ; 6.2        ; x86_64         ;
; TimeQuest Timing Analyzer ; Zhaorui-i9       ; Windows 7 ; 6.2        ; x86_64         ;
; Analysis & Synthesis      ; Zhaorui-i9       ; Windows 7 ; 6.2        ; x86_64         ;
; Partition Merge           ; Zhaorui-i9       ; Windows 7 ; 6.2        ; x86_64         ;
; Fitter                    ; Zhaorui-i9       ; Windows 7 ; 6.2        ; x86_64         ;
; Assembler                 ; Zhaorui-i9       ; Windows 7 ; 6.2        ; x86_64         ;
; TimeQuest Timing Analyzer ; Zhaorui-i9       ; Windows 7 ; 6.2        ; x86_64         ;
; Analysis & Synthesis      ; Zhaorui-i9       ; Windows 7 ; 6.2        ; x86_64         ;
; Partition Merge           ; Zhaorui-i9       ; Windows 7 ; 6.2        ; x86_64         ;
; Fitter                    ; Zhaorui-i9       ; Windows 7 ; 6.2        ; x86_64         ;
; Assembler                 ; Zhaorui-i9       ; Windows 7 ; 6.2        ; x86_64         ;
; TimeQuest Timing Analyzer ; Zhaorui-i9       ; Windows 7 ; 6.2        ; x86_64         ;
; Analysis & Synthesis      ; Zhaorui-i9       ; Windows 7 ; 6.2        ; x86_64         ;
; Partition Merge           ; Zhaorui-i9       ; Windows 7 ; 6.2        ; x86_64         ;
; Fitter                    ; Zhaorui-i9       ; Windows 7 ; 6.2        ; x86_64         ;
; Assembler                 ; Zhaorui-i9       ; Windows 7 ; 6.2        ; x86_64         ;
; TimeQuest Timing Analyzer ; Zhaorui-i9       ; Windows 7 ; 6.2        ; x86_64         ;
; Analysis & Synthesis      ; Zhaorui-i9       ; Windows 7 ; 6.2        ; x86_64         ;
; Partition Merge           ; Zhaorui-i9       ; Windows 7 ; 6.2        ; x86_64         ;
; Fitter                    ; Zhaorui-i9       ; Windows 7 ; 6.2        ; x86_64         ;
; Assembler                 ; Zhaorui-i9       ; Windows 7 ; 6.2        ; x86_64         ;
; TimeQuest Timing Analyzer ; Zhaorui-i9       ; Windows 7 ; 6.2        ; x86_64         ;
; Analysis & Synthesis      ; Zhaorui-i9       ; Windows 7 ; 6.2        ; x86_64         ;
; Partition Merge           ; Zhaorui-i9       ; Windows 7 ; 6.2        ; x86_64         ;
; Fitter                    ; Zhaorui-i9       ; Windows 7 ; 6.2        ; x86_64         ;
; Assembler                 ; Zhaorui-i9       ; Windows 7 ; 6.2        ; x86_64         ;
; TimeQuest Timing Analyzer ; Zhaorui-i9       ; Windows 7 ; 6.2        ; x86_64         ;
; Analysis & Synthesis      ; Zhaorui-i9       ; Windows 7 ; 6.2        ; x86_64         ;
; Partition Merge           ; Zhaorui-i9       ; Windows 7 ; 6.2        ; x86_64         ;
; Fitter                    ; Zhaorui-i9       ; Windows 7 ; 6.2        ; x86_64         ;
; Assembler                 ; Zhaorui-i9       ; Windows 7 ; 6.2        ; x86_64         ;
; TimeQuest Timing Analyzer ; Zhaorui-i9       ; Windows 7 ; 6.2        ; x86_64         ;
+---------------------------+------------------+-----------+------------+----------------+


------------
; Flow Log ;
------------
quartus_map --read_settings_files=on --write_settings_files=off rgb_fpga -c rgb_fpga
quartus_cdb --read_settings_files=off --write_settings_files=off rgb_fpga -c rgb_fpga --merge=on
quartus_fit --read_settings_files=off --write_settings_files=off rgb_fpga -c rgb_fpga
quartus_asm --read_settings_files=off --write_settings_files=off rgb_fpga -c rgb_fpga
quartus_sta rgb_fpga -c rgb_fpga
quartus_map --read_settings_files=on --write_settings_files=off rgb_fpga -c rgb_fpga
quartus_cdb --read_settings_files=off --write_settings_files=off rgb_fpga -c rgb_fpga --merge=on
quartus_fit --read_settings_files=off --write_settings_files=off rgb_fpga -c rgb_fpga
quartus_map --read_settings_files=on --write_settings_files=off rgb_fpga -c rgb_fpga
quartus_cdb --read_settings_files=off --write_settings_files=off rgb_fpga -c rgb_fpga --merge=on
quartus_fit --read_settings_files=off --write_settings_files=off rgb_fpga -c rgb_fpga
quartus_fit --read_settings_files=on --write_settings_files=off rgb_fpga -c rgb_fpga
quartus_map --read_settings_files=on --write_settings_files=off rgb_fpga -c rgb_fpga
quartus_cdb --read_settings_files=off --write_settings_files=off rgb_fpga -c rgb_fpga --merge=on
quartus_fit --read_settings_files=off --write_settings_files=off rgb_fpga -c rgb_fpga
quartus_map --read_settings_files=on --write_settings_files=off rgb_fpga -c rgb_fpga
quartus_cdb --read_settings_files=off --write_settings_files=off rgb_fpga -c rgb_fpga --merge=on
quartus_fit --read_settings_files=off --write_settings_files=off rgb_fpga -c rgb_fpga
quartus_map --read_settings_files=on --write_settings_files=off rgb_fpga -c rgb_fpga
quartus_cdb --read_settings_files=off --write_settings_files=off rgb_fpga -c rgb_fpga --merge=on
quartus_fit --read_settings_files=off --write_settings_files=off rgb_fpga -c rgb_fpga
quartus_map --read_settings_files=on --write_settings_files=off rgb_fpga -c rgb_fpga
quartus_cdb --read_settings_files=off --write_settings_files=off rgb_fpga -c rgb_fpga --merge=on
quartus_fit --read_settings_files=off --write_settings_files=off rgb_fpga -c rgb_fpga
quartus_map --read_settings_files=on --write_settings_files=off rgb_fpga -c rgb_fpga
quartus_cdb --read_settings_files=off --write_settings_files=off rgb_fpga -c rgb_fpga --merge=on
quartus_fit --read_settings_files=off --write_settings_files=off rgb_fpga -c rgb_fpga
quartus_asm --read_settings_files=off --write_settings_files=off rgb_fpga -c rgb_fpga
quartus_sta rgb_fpga -c rgb_fpga
quartus_map --read_settings_files=on --write_settings_files=off rgb_fpga -c rgb_fpga
quartus_cdb --read_settings_files=off --write_settings_files=off rgb_fpga -c rgb_fpga --merge=on
quartus_fit --read_settings_files=off --write_settings_files=off rgb_fpga -c rgb_fpga
quartus_asm --read_settings_files=off --write_settings_files=off rgb_fpga -c rgb_fpga
quartus_sta rgb_fpga -c rgb_fpga
quartus_map --read_settings_files=on --write_settings_files=off rgb_fpga -c rgb_fpga
quartus_map --read_settings_files=on --write_settings_files=off rgb_fpga -c rgb_fpga
quartus_cdb --read_settings_files=off --write_settings_files=off rgb_fpga -c rgb_fpga --merge=on
quartus_fit --read_settings_files=off --write_settings_files=off rgb_fpga -c rgb_fpga
quartus_asm --read_settings_files=off --write_settings_files=off rgb_fpga -c rgb_fpga
quartus_sta rgb_fpga -c rgb_fpga
quartus_map --read_settings_files=on --write_settings_files=off rgb_fpga -c rgb_fpga
quartus_cdb --read_settings_files=off --write_settings_files=off rgb_fpga -c rgb_fpga --merge=on
quartus_fit --read_settings_files=off --write_settings_files=off rgb_fpga -c rgb_fpga
quartus_asm --read_settings_files=off --write_settings_files=off rgb_fpga -c rgb_fpga
quartus_sta rgb_fpga -c rgb_fpga
quartus_map --read_settings_files=on --write_settings_files=off rgb_fpga -c rgb_fpga
quartus_cdb --read_settings_files=off --write_settings_files=off rgb_fpga -c rgb_fpga --merge=on
quartus_fit --read_settings_files=off --write_settings_files=off rgb_fpga -c rgb_fpga
quartus_asm --read_settings_files=off --write_settings_files=off rgb_fpga -c rgb_fpga
quartus_sta rgb_fpga -c rgb_fpga
quartus_map --read_settings_files=on --write_settings_files=off rgb_fpga -c rgb_fpga
quartus_cdb --read_settings_files=off --write_settings_files=off rgb_fpga -c rgb_fpga --merge=on
quartus_fit --read_settings_files=off --write_settings_files=off rgb_fpga -c rgb_fpga
quartus_asm --read_settings_files=off --write_settings_files=off rgb_fpga -c rgb_fpga
quartus_sta rgb_fpga -c rgb_fpga
quartus_map --read_settings_files=on --write_settings_files=off rgb_fpga -c rgb_fpga
quartus_cdb --read_settings_files=off --write_settings_files=off rgb_fpga -c rgb_fpga --merge=on
quartus_fit --read_settings_files=off --write_settings_files=off rgb_fpga -c rgb_fpga
quartus_asm --read_settings_files=off --write_settings_files=off rgb_fpga -c rgb_fpga
quartus_sta rgb_fpga -c rgb_fpga
quartus_map --read_settings_files=on --write_settings_files=off rgb_fpga -c rgb_fpga
quartus_cdb --read_settings_files=off --write_settings_files=off rgb_fpga -c rgb_fpga --merge=on
quartus_fit --read_settings_files=off --write_settings_files=off rgb_fpga -c rgb_fpga
quartus_asm --read_settings_files=off --write_settings_files=off rgb_fpga -c rgb_fpga
quartus_sta rgb_fpga -c rgb_fpga
quartus_map --read_settings_files=on --write_settings_files=off rgb_fpga -c rgb_fpga
quartus_map --read_settings_files=on --write_settings_files=off rgb_fpga -c rgb_fpga
quartus_map --read_settings_files=on --write_settings_files=off rgb_fpga -c rgb_fpga
quartus_cdb --read_settings_files=off --write_settings_files=off rgb_fpga -c rgb_fpga --merge=on
quartus_fit --read_settings_files=off --write_settings_files=off rgb_fpga -c rgb_fpga
quartus_asm --read_settings_files=off --write_settings_files=off rgb_fpga -c rgb_fpga
quartus_sta rgb_fpga -c rgb_fpga
quartus_map --read_settings_files=on --write_settings_files=off rgb_fpga -c rgb_fpga
quartus_cdb --read_settings_files=off --write_settings_files=off rgb_fpga -c rgb_fpga --merge=on
quartus_fit --read_settings_files=off --write_settings_files=off rgb_fpga -c rgb_fpga
quartus_asm --read_settings_files=off --write_settings_files=off rgb_fpga -c rgb_fpga
quartus_sta rgb_fpga -c rgb_fpga
quartus_map --read_settings_files=on --write_settings_files=off rgb_fpga -c rgb_fpga
quartus_cdb --read_settings_files=off --write_settings_files=off rgb_fpga -c rgb_fpga --merge=on
quartus_fit --read_settings_files=off --write_settings_files=off rgb_fpga -c rgb_fpga
quartus_asm --read_settings_files=off --write_settings_files=off rgb_fpga -c rgb_fpga
quartus_sta rgb_fpga -c rgb_fpga
quartus_map --read_settings_files=on --write_settings_files=off rgb_fpga -c rgb_fpga
quartus_cdb --read_settings_files=off --write_settings_files=off rgb_fpga -c rgb_fpga --merge=on
quartus_fit --read_settings_files=off --write_settings_files=off rgb_fpga -c rgb_fpga
quartus_asm --read_settings_files=off --write_settings_files=off rgb_fpga -c rgb_fpga
quartus_sta rgb_fpga -c rgb_fpga
quartus_map --read_settings_files=on --write_settings_files=off rgb_fpga -c rgb_fpga
quartus_cdb --read_settings_files=off --write_settings_files=off rgb_fpga -c rgb_fpga --merge=on
quartus_fit --read_settings_files=off --write_settings_files=off rgb_fpga -c rgb_fpga
quartus_asm --read_settings_files=off --write_settings_files=off rgb_fpga -c rgb_fpga
quartus_sta rgb_fpga -c rgb_fpga
quartus_map --read_settings_files=on --write_settings_files=off rgb_fpga -c rgb_fpga
quartus_cdb --read_settings_files=off --write_settings_files=off rgb_fpga -c rgb_fpga --merge=on
quartus_fit --read_settings_files=off --write_settings_files=off rgb_fpga -c rgb_fpga
quartus_asm --read_settings_files=off --write_settings_files=off rgb_fpga -c rgb_fpga
quartus_sta rgb_fpga -c rgb_fpga
quartus_map --read_settings_files=on --write_settings_files=off rgb_fpga -c rgb_fpga
quartus_cdb --read_settings_files=off --write_settings_files=off rgb_fpga -c rgb_fpga --merge=on
quartus_fit --read_settings_files=off --write_settings_files=off rgb_fpga -c rgb_fpga
quartus_asm --read_settings_files=off --write_settings_files=off rgb_fpga -c rgb_fpga
quartus_sta rgb_fpga -c rgb_fpga
quartus_map --read_settings_files=on --write_settings_files=off rgb_fpga -c rgb_fpga
quartus_cdb --read_settings_files=off --write_settings_files=off rgb_fpga -c rgb_fpga --merge=on
quartus_fit --read_settings_files=off --write_settings_files=off rgb_fpga -c rgb_fpga
quartus_asm --read_settings_files=off --write_settings_files=off rgb_fpga -c rgb_fpga
quartus_sta rgb_fpga -c rgb_fpga
quartus_map --read_settings_files=on --write_settings_files=off rgb_fpga -c rgb_fpga
quartus_cdb --read_settings_files=off --write_settings_files=off rgb_fpga -c rgb_fpga --merge=on
quartus_fit --read_settings_files=off --write_settings_files=off rgb_fpga -c rgb_fpga
quartus_asm --read_settings_files=off --write_settings_files=off rgb_fpga -c rgb_fpga
quartus_sta rgb_fpga -c rgb_fpga



